<?xml version="1.0" encoding="UTF-8"?>
<!-- Generated by org.testng.reporters.JUnitXMLReporter -->
<testsuite hostname="SateeshMacBookPro" name="Default test" tests="3" failures="0" timestamp="9 Mar 2018 07:00:30 GMT" time="45.129" errors="0">
  <testcase name="validateCreateNewContact" time="2.505" classname="com.crm.qa.testcases.ContactsPageTest"/>
  <testcase name="validateCreateNewContact" time="2.581" classname="com.crm.qa.testcases.ContactsPageTest"/>
  <testcase name="validateCreateNewContact" time="2.592" classname="com.crm.qa.testcases.ContactsPageTest"/>
</testsuite> <!-- Default test -->
