<?xml version="1.0" encoding="UTF-8"?>
<!-- Generated by org.testng.reporters.JUnitXMLReporter -->
<testsuite hostname="SateeshMacBookPro" name="Command line test" tests="9" failures="0" timestamp="9 Mar 2018 23:34:08 GMT" time="103.048" errors="0">
  <testcase name="homePageTitleTest" time="0.022" classname="com.crm.qa.testcases.HomePageTest"/>
  <testcase name="loginPageTitleTest" time="0.008" classname="com.crm.qa.testcases.LoginPageTest"/>
  <testcase name="userNameLabelTeast" time="0.104" classname="com.crm.qa.testcases.HomePageTest"/>
  <testcase name="crmLogoTest" time="0.05" classname="com.crm.qa.testcases.LoginPageTest"/>
  <testcase name="contactsLinkTest" time="0.981" classname="com.crm.qa.testcases.HomePageTest"/>
  <testcase name="loginTest" time="0.185" classname="com.crm.qa.testcases.LoginPageTest"/>
  <testcase name="validateCreateNewContact" time="2.734" classname="com.crm.qa.testcases.ContactsPageTest"/>
  <testcase name="validateCreateNewContact" time="2.292" classname="com.crm.qa.testcases.ContactsPageTest"/>
  <testcase name="validateCreateNewContact" time="2.658" classname="com.crm.qa.testcases.ContactsPageTest"/>
</testsuite> <!-- Command line test -->
