<?xml version="1.0" encoding="UTF-8"?>
<!-- Generated by org.testng.reporters.JUnitXMLReporter -->
<testsuite hostname="SateeshMacBookPro" name="FreeCRM tests" tests="9" failures="0" timestamp="15 Mar 2018 01:19:50 GMT" time="103.884" errors="0">
  <testcase name="loginPageTitleTest" time="0.016" classname="com.crm.qa.testcases.LoginPageTest"/>
  <testcase name="crmLogoTest" time="0.081" classname="com.crm.qa.testcases.LoginPageTest"/>
  <testcase name="loginTest" time="0.162" classname="com.crm.qa.testcases.LoginPageTest"/>
  <testcase name="homePageTitleTest" time="0.015" classname="com.crm.qa.testcases.HomePageTest"/>
  <testcase name="userNameLabelTeast" time="0.068" classname="com.crm.qa.testcases.HomePageTest"/>
  <testcase name="contactsLinkTest" time="1.2" classname="com.crm.qa.testcases.HomePageTest"/>
  <testcase name="validateCreateNewContact" time="2.843" classname="com.crm.qa.testcases.ContactsPageTest"/>
  <testcase name="validateCreateNewContact" time="2.884" classname="com.crm.qa.testcases.ContactsPageTest"/>
  <testcase name="validateCreateNewContact" time="3.492" classname="com.crm.qa.testcases.ContactsPageTest"/>
</testsuite> <!-- FreeCRM tests -->
