<?xml version="1.0" encoding="UTF-8" ?>
<testsuite tests="9" failures="0" name="TestSuite" time="9.036" errors="0" skipped="0">
  <properties>
[...]
</properties>
  <testcase classname="com.crm.qa.testcases.HomePageTest" name="homePageTitleTest" time="0.023"/>
  <testcase classname="com.crm.qa.testcases.LoginPageTest" name="loginPageTitleTest" time="0.007"/>
  <testcase classname="com.crm.qa.testcases.HomePageTest" name="userNameLabelTeast" time="0.104"/>
  <testcase classname="com.crm.qa.testcases.LoginPageTest" name="crmLogoTest" time="0.05"/>
  <testcase classname="com.crm.qa.testcases.HomePageTest" name="contactsLinkTest" time="0.982"/>
  <testcase classname="com.crm.qa.testcases.LoginPageTest" name="loginTest" time="0.185"/>
  <testcase classname="com.crm.qa.testcases.ContactsPageTest" name="validateCreateNewContact" time="2.735"/>
  <testcase classname="com.crm.qa.testcases.ContactsPageTest" name="validateCreateNewContact" time="2.292"/>
  <testcase classname="com.crm.qa.testcases.ContactsPageTest" name="validateCreateNewContact" time="2.658"/>
</testsuite>