<?xml version="1.0" encoding="UTF-8"?>
<testng-results skipped="0" failed="0" total="9" passed="9">
  <reporter-output>
  </reporter-output>
  <suite name="Free CRM Automation Tests" duration-ms="103884" started-at="2018-03-15T01:18:07Z" finished-at="2018-03-15T01:19:50Z">
    <groups>
    </groups>
    <test name="FreeCRM tests" duration-ms="103884" started-at="2018-03-15T01:18:07Z" finished-at="2018-03-15T01:19:50Z">
      <class name="com.crm.qa.testcases.HomePageTest">
        <test-method status="PASS" signature="setUp()[pri:0, instance:com.crm.qa.testcases.HomePageTest@14acaea5]" name="setUp" is-config="true" duration-ms="12132" started-at="2018-03-14T18:18:30Z" finished-at="2018-03-14T18:18:42Z">
          <reporter-output>
          </reporter-output>
        </test-method> <!-- setUp -->
        <test-method status="PASS" signature="homePageTitleTest()[pri:0, instance:com.crm.qa.testcases.HomePageTest@14acaea5]" name="homePageTitleTest" duration-ms="15" started-at="2018-03-14T18:18:42Z" finished-at="2018-03-14T18:18:42Z">
          <reporter-output>
          </reporter-output>
        </test-method> <!-- homePageTitleTest -->
        <test-method status="PASS" signature="tearDown()[pri:0, instance:com.crm.qa.testcases.HomePageTest@14acaea5]" name="tearDown" is-config="true" duration-ms="244" started-at="2018-03-14T18:18:42Z" finished-at="2018-03-14T18:18:42Z">
          <reporter-output>
          </reporter-output>
        </test-method> <!-- tearDown -->
        <test-method status="PASS" signature="setUp()[pri:0, instance:com.crm.qa.testcases.HomePageTest@14acaea5]" name="setUp" is-config="true" duration-ms="13186" started-at="2018-03-14T18:18:42Z" finished-at="2018-03-14T18:18:55Z">
          <reporter-output>
          </reporter-output>
        </test-method> <!-- setUp -->
        <test-method status="PASS" signature="userNameLabelTeast()[pri:0, instance:com.crm.qa.testcases.HomePageTest@14acaea5]" name="userNameLabelTeast" duration-ms="68" started-at="2018-03-14T18:18:55Z" finished-at="2018-03-14T18:18:55Z">
          <reporter-output>
          </reporter-output>
        </test-method> <!-- userNameLabelTeast -->
        <test-method status="PASS" signature="tearDown()[pri:0, instance:com.crm.qa.testcases.HomePageTest@14acaea5]" name="tearDown" is-config="true" duration-ms="234" started-at="2018-03-14T18:18:55Z" finished-at="2018-03-14T18:18:56Z">
          <reporter-output>
          </reporter-output>
        </test-method> <!-- tearDown -->
        <test-method status="PASS" signature="setUp()[pri:0, instance:com.crm.qa.testcases.HomePageTest@14acaea5]" name="setUp" is-config="true" duration-ms="14343" started-at="2018-03-14T18:18:56Z" finished-at="2018-03-14T18:19:10Z">
          <reporter-output>
          </reporter-output>
        </test-method> <!-- setUp -->
        <test-method status="PASS" signature="contactsLinkTest()[pri:0, instance:com.crm.qa.testcases.HomePageTest@14acaea5]" name="contactsLinkTest" duration-ms="1200" started-at="2018-03-14T18:19:10Z" finished-at="2018-03-14T18:19:11Z">
          <reporter-output>
          </reporter-output>
        </test-method> <!-- contactsLinkTest -->
        <test-method status="PASS" signature="tearDown()[pri:0, instance:com.crm.qa.testcases.HomePageTest@14acaea5]" name="tearDown" is-config="true" duration-ms="207" started-at="2018-03-14T18:19:11Z" finished-at="2018-03-14T18:19:11Z">
          <reporter-output>
          </reporter-output>
        </test-method> <!-- tearDown -->
      </class> <!-- com.crm.qa.testcases.HomePageTest -->
      <class name="com.crm.qa.testcases.ContactsPageTest">
        <test-method status="PASS" signature="setUp()[pri:0, instance:com.crm.qa.testcases.ContactsPageTest@ae45eb6]" name="setUp" is-config="true" duration-ms="9745" started-at="2018-03-14T18:19:12Z" finished-at="2018-03-14T18:19:22Z">
          <reporter-output>
          </reporter-output>
        </test-method> <!-- setUp -->
        <test-method status="PASS" signature="validateCreateNewContact(java.lang.String, java.lang.String, java.lang.String, java.lang.String)[pri:0, instance:com.crm.qa.testcases.ContactsPageTest@ae45eb6]" name="validateCreateNewContact" duration-ms="2843" started-at="2018-03-14T18:19:22Z" data-provider="getCRMTestData" finished-at="2018-03-14T18:19:25Z">
          <params>
            <param index="0">
              <value>
                <![CDATA[Mr.]]>
              </value>
            </param>
            <param index="1">
              <value>
                <![CDATA[Tom]]>
              </value>
            </param>
            <param index="2">
              <value>
                <![CDATA[Doe]]>
              </value>
            </param>
            <param index="3">
              <value>
                <![CDATA[Google]]>
              </value>
            </param>
          </params>
          <reporter-output>
          </reporter-output>
        </test-method> <!-- validateCreateNewContact -->
        <test-method status="PASS" signature="tearDown()[pri:0, instance:com.crm.qa.testcases.ContactsPageTest@ae45eb6]" name="tearDown" is-config="true" duration-ms="221" started-at="2018-03-14T18:19:25Z" finished-at="2018-03-14T18:19:25Z">
          <reporter-output>
          </reporter-output>
        </test-method> <!-- tearDown -->
        <test-method status="PASS" signature="setUp()[pri:0, instance:com.crm.qa.testcases.ContactsPageTest@ae45eb6]" name="setUp" is-config="true" duration-ms="11508" started-at="2018-03-14T18:19:25Z" finished-at="2018-03-14T18:19:36Z">
          <reporter-output>
          </reporter-output>
        </test-method> <!-- setUp -->
        <test-method status="PASS" signature="validateCreateNewContact(java.lang.String, java.lang.String, java.lang.String, java.lang.String)[pri:0, instance:com.crm.qa.testcases.ContactsPageTest@ae45eb6]" name="validateCreateNewContact" duration-ms="2884" started-at="2018-03-14T18:19:36Z" data-provider="getCRMTestData" finished-at="2018-03-14T18:19:39Z">
          <params>
            <param index="0">
              <value>
                <![CDATA[Dr.]]>
              </value>
            </param>
            <param index="1">
              <value>
                <![CDATA[Richard]]>
              </value>
            </param>
            <param index="2">
              <value>
                <![CDATA[Mark]]>
              </value>
            </param>
            <param index="3">
              <value>
                <![CDATA[Amazon]]>
              </value>
            </param>
          </params>
          <reporter-output>
          </reporter-output>
        </test-method> <!-- validateCreateNewContact -->
        <test-method status="PASS" signature="tearDown()[pri:0, instance:com.crm.qa.testcases.ContactsPageTest@ae45eb6]" name="tearDown" is-config="true" duration-ms="252" started-at="2018-03-14T18:19:39Z" finished-at="2018-03-14T18:19:40Z">
          <reporter-output>
          </reporter-output>
        </test-method> <!-- tearDown -->
        <test-method status="PASS" signature="setUp()[pri:0, instance:com.crm.qa.testcases.ContactsPageTest@ae45eb6]" name="setUp" is-config="true" duration-ms="7167" started-at="2018-03-14T18:19:40Z" finished-at="2018-03-14T18:19:47Z">
          <reporter-output>
          </reporter-output>
        </test-method> <!-- setUp -->
        <test-method status="PASS" signature="validateCreateNewContact(java.lang.String, java.lang.String, java.lang.String, java.lang.String)[pri:0, instance:com.crm.qa.testcases.ContactsPageTest@ae45eb6]" name="validateCreateNewContact" duration-ms="3492" started-at="2018-03-14T18:19:47Z" data-provider="getCRMTestData" finished-at="2018-03-14T18:19:50Z">
          <params>
            <param index="0">
              <value>
                <![CDATA[Mrs.]]>
              </value>
            </param>
            <param index="1">
              <value>
                <![CDATA[Peter]]>
              </value>
            </param>
            <param index="2">
              <value>
                <![CDATA[Ham]]>
              </value>
            </param>
            <param index="3">
              <value>
                <![CDATA[Facebook]]>
              </value>
            </param>
          </params>
          <reporter-output>
          </reporter-output>
        </test-method> <!-- validateCreateNewContact -->
        <test-method status="PASS" signature="tearDown()[pri:0, instance:com.crm.qa.testcases.ContactsPageTest@ae45eb6]" name="tearDown" is-config="true" duration-ms="239" started-at="2018-03-14T18:19:50Z" finished-at="2018-03-14T18:19:50Z">
          <reporter-output>
          </reporter-output>
        </test-method> <!-- tearDown -->
      </class> <!-- com.crm.qa.testcases.ContactsPageTest -->
      <class name="com.crm.qa.testcases.LoginPageTest">
        <test-method status="PASS" signature="setUp()[pri:0, instance:com.crm.qa.testcases.LoginPageTest@27efef64]" name="setUp" is-config="true" duration-ms="8520" started-at="2018-03-14T18:18:07Z" finished-at="2018-03-14T18:18:15Z">
          <reporter-output>
          </reporter-output>
        </test-method> <!-- setUp -->
        <test-method status="PASS" signature="loginPageTitleTest()[pri:0, instance:com.crm.qa.testcases.LoginPageTest@27efef64]" name="loginPageTitleTest" duration-ms="16" started-at="2018-03-14T18:18:15Z" finished-at="2018-03-14T18:18:15Z">
          <reporter-output>
          </reporter-output>
        </test-method> <!-- loginPageTitleTest -->
        <test-method status="PASS" signature="tearDown()[pri:0, instance:com.crm.qa.testcases.LoginPageTest@27efef64]" name="tearDown" is-config="true" duration-ms="210" started-at="2018-03-14T18:18:15Z" finished-at="2018-03-14T18:18:15Z">
          <reporter-output>
          </reporter-output>
        </test-method> <!-- tearDown -->
        <test-method status="PASS" signature="setUp()[pri:0, instance:com.crm.qa.testcases.LoginPageTest@27efef64]" name="setUp" is-config="true" duration-ms="6083" started-at="2018-03-14T18:18:15Z" finished-at="2018-03-14T18:18:21Z">
          <reporter-output>
          </reporter-output>
        </test-method> <!-- setUp -->
        <test-method status="PASS" signature="crmLogoTest()[pri:0, instance:com.crm.qa.testcases.LoginPageTest@27efef64]" name="crmLogoTest" duration-ms="81" started-at="2018-03-14T18:18:21Z" finished-at="2018-03-14T18:18:22Z">
          <reporter-output>
          </reporter-output>
        </test-method> <!-- crmLogoTest -->
        <test-method status="PASS" signature="tearDown()[pri:0, instance:com.crm.qa.testcases.LoginPageTest@27efef64]" name="tearDown" is-config="true" duration-ms="217" started-at="2018-03-14T18:18:22Z" finished-at="2018-03-14T18:18:22Z">
          <reporter-output>
          </reporter-output>
        </test-method> <!-- tearDown -->
        <test-method status="PASS" signature="setUp()[pri:0, instance:com.crm.qa.testcases.LoginPageTest@27efef64]" name="setUp" is-config="true" duration-ms="7619" started-at="2018-03-14T18:18:22Z" finished-at="2018-03-14T18:18:29Z">
          <reporter-output>
          </reporter-output>
        </test-method> <!-- setUp -->
        <test-method status="PASS" signature="loginTest()[pri:0, instance:com.crm.qa.testcases.LoginPageTest@27efef64]" name="loginTest" duration-ms="162" started-at="2018-03-14T18:18:29Z" finished-at="2018-03-14T18:18:30Z">
          <reporter-output>
          </reporter-output>
        </test-method> <!-- loginTest -->
        <test-method status="PASS" signature="tearDown()[pri:0, instance:com.crm.qa.testcases.LoginPageTest@27efef64]" name="tearDown" is-config="true" duration-ms="216" started-at="2018-03-14T18:18:30Z" finished-at="2018-03-14T18:18:30Z">
          <reporter-output>
          </reporter-output>
        </test-method> <!-- tearDown -->
      </class> <!-- com.crm.qa.testcases.LoginPageTest -->
    </test> <!-- FreeCRM tests -->
  </suite> <!-- Free CRM Automation Tests -->
</testng-results>
